2023-12-28 10:04:16.299 [http-nio-8080-exec-1] INFO  swiggy.user.logger -
 {
  "orderName" : "Cake",
  "orderQty" : 2,
  "phoneNumber" : 9440877300,
  "user" : {
    "mobileNo" : 2344234,
    "doorNo" : 12,
    "streetName" : "NGO",
    "landMark" : "Near temple"
  }
}
2023-12-28 10:04:25.196 [http-nio-8080-exec-1] INFO  swiggy.user.logger -
 {
  "headers" : { },
  "body" : null,
  "statusCode" : "ACCEPTED",
  "statusCodeValue" : 202
}
2023-12-28 10:07:11.260 [http-nio-8080-exec-1] INFO  swiggy.user.logger -
 {
  "orderName" : "Cake",
  "orderQty" : 2,
  "phoneNumber" : 9440877300,
  "user" : {
    "mobileNo" : 2344234,
    "doorNo" : 12,
    "streetName" : "NGO",
    "landMark" : "Near temple"
  }
}
2023-12-28 10:07:11.754 [http-nio-8080-exec-1] INFO  swiggy.user.logger -
 {
  "headers" : { },
  "body" : null,
  "statusCode" : "ACCEPTED",
  "statusCodeValue" : 202
}
2023-12-28 10:08:35.652 [http-nio-8080-exec-1] INFO  swiggy.user.logger -
 {
  "orderName" : "Cake",
  "orderQty" : 2,
  "phoneNumber" : 9440877300,
  "user" : {
    "mobileNo" : 2344234,
    "doorNo" : 12,
    "streetName" : "NGO",
    "landMark" : "Near temple"
  }
}
2023-12-28 10:08:36.156 [http-nio-8080-exec-1] INFO  swiggy.user.logger -
 {
  "headers" : { },
  "body" : {
    "itemName" : "Cake",
    "itemQty" : 2,
    "user" : {
      "mobileNo" : 2344234,
      "doorNo" : 12,
      "streetName" : "NGO",
      "landMark" : "Near temple"
    },
    "totalCost" : 200.0,
    "orderId" : "2d0e7421-b26b-4759-ad51-600aa00d3ac4"
  },
  "statusCode" : "ACCEPTED",
  "statusCodeValue" : 202
}
